<?xml version="1.0" encoding="UTF-8"?>
<testng-results ignored="0" total="1" passed="1" failed="0" skipped="0">
  <reporter-output>
  </reporter-output>
  <suite started-at="2024-11-23T17:21:52 IST" name="Default suite" finished-at="2024-11-23T17:21:53 IST" duration-ms="1251">
    <groups>
    </groups>
    <test started-at="2024-11-23T17:21:52 IST" name="Default test" finished-at="2024-11-23T17:21:53 IST" duration-ms="1251">
      <class name="UpdateDatabase">
        <test-method signature="UpdateGender()[pri:0, instance:UpdateDatabase@52af26ee]" started-at="2024-11-23T17:21:52 IST" name="UpdateGender" finished-at="2024-11-23T17:21:53 IST" duration-ms="1195" status="PASS">
          <reporter-output>
          </reporter-output>
        </test-method> <!-- UpdateGender -->
      </class> <!-- UpdateDatabase -->
    </test> <!-- Default test -->
  </suite> <!-- Default suite -->
</testng-results>
